<?xml version="1.0" encoding="UTF-8"?>
<testsuite xmlns:xsi="http://www.w3.org/2001/XMLSchema-instance" xsi:noNamespaceSchemaLocation="https://maven.apache.org/surefire/maven-surefire-plugin/xsd/surefire-test-report-3.0.xsd" version="3.0" name="service.ChatServiceTest" time="0.081" tests="7" errors="0" skipped="0" failures="0">
  <properties>
[...]
</properties>
  <testcase name="testEmptyMessageHistory" classname="service.ChatServiceTest" time="0.025"/>
  <testcase name="testValidationForNullContent" classname="service.ChatServiceTest" time="0.007"/>
  <testcase name="testGetMessageHistory" classname="service.ChatServiceTest" time="0.002"/>
  <testcase name="testMessageOrder" classname="service.ChatServiceTest" time="0.002"/>
  <testcase name="testSendMessage" classname="service.ChatServiceTest" time="0.001"/>
  <testcase name="testValidationForNullSender" classname="service.ChatServiceTest" time="0.001"/>
  <testcase name="testValidationForEmptyReceiver" classname="service.ChatServiceTest" time="0.002"/>
</testsuite>